<html>
<head>
<title>TestNG:  restassuredtests</title>
<link href="../testng.css" rel="stylesheet" type="text/css" />
<link href="../my-testng.css" rel="stylesheet" type="text/css" />

<style type="text/css">
.log { display: none;} 
.stack-trace { display: none;} 
</style>
<script type="text/javascript">
<!--
function flip(e) {
  current = e.style.display;
  if (current == 'block') {
    e.style.display = 'none';
    return 0;
  }
  else {
    e.style.display = 'block';
    return 1;
  }
}

function toggleBox(szDivId, elem, msg1, msg2)
{
  var res = -1;  if (document.getElementById) {
    res = flip(document.getElementById(szDivId));
  }
  else if (document.all) {
    // this is the way old msie versions work
    res = flip(document.all[szDivId]);
  }
  if(elem) {
    if(res == 0) elem.innerHTML = msg1; else elem.innerHTML = msg2;
  }

}

function toggleAllBoxes() {
  if (document.getElementsByTagName) {
    d = document.getElementsByTagName('div');
    for (i = 0; i < d.length; i++) {
      if (d[i].className == 'log') {
        flip(d[i]);
      }
    }
  }
}

// -->
</script>

</head>
<body>
<h2 align='center'>restassuredtests</h2><table border='1' align="center">
<tr>
<td>Tests passed/Failed/Skipped:</td><td>12/11/0</td>
</tr><tr>
<td>Started on:</td><td>Fri Apr 09 11:55:13 IST 2021</td>
</tr>
<tr><td>Total time:</td><td>9 seconds (9667 ms)</td>
</tr><tr>
<td>Included groups:</td><td></td>
</tr><tr>
<td>Excluded groups:</td><td></td>
</tr>
</table><p/>
<small><i>(Hover the method name to see the test class name)</i></small><p/>
<table width='100%' border='1' class='invocation-failed'>
<tr><td colspan='4' align='center'><b>FAILED TESTS</b></td></tr>
<tr><td><b>Test method</b></td>
<td width="30%"><b>Exception</b></td>
<td width="10%"><b>Time (seconds)</b></td>
<td><b>Instance</b></td>
</tr>
<tr>
<td title='com.employee.testCases.TC005_Delete_Employee_Record.checkStatusCode()'><b>checkStatusCode</b><br>Test class: com.employee.testCases.TC005_Delete_Employee_Record</td>
<td><div><pre>java.lang.AssertionError: expected [200] but found [-1]
	at com.employee.testCases.TC005_Delete_Employee_Record.checkStatusCode(TC005_Delete_Employee_Record.java:42)
	at java.util.concurrent.ThreadPoolExecutor.runWorker(ThreadPoolExecutor.java:1149)
	at java.util.concurrent.ThreadPoolExecutor$Worker.run(ThreadPoolExecutor.java:624)
	at java.lang.Thread.run(Thread.java:748)
... Removed 18 stack frames</pre></div><a href='#' onClick='toggleBox("stack-trace976675446", this, "Click to show all stack frames", "Click to hide stack frames")'>Click to show all stack frames</a>
<div class='stack-trace' id='stack-trace976675446'><pre>java.lang.AssertionError: expected [200] but found [-1]
	at org.testng.Assert.fail(Assert.java:99)
	at org.testng.Assert.failNotEquals(Assert.java:1037)
	at org.testng.Assert.assertEqualsImpl(Assert.java:140)
	at org.testng.Assert.assertEquals(Assert.java:122)
	at org.testng.Assert.assertEquals(Assert.java:907)
	at org.testng.Assert.assertEquals(Assert.java:917)
	at com.employee.testCases.TC005_Delete_Employee_Record.checkStatusCode(TC005_Delete_Employee_Record.java:42)
	at sun.reflect.NativeMethodAccessorImpl.invoke0(Native Method)
	at sun.reflect.NativeMethodAccessorImpl.invoke(NativeMethodAccessorImpl.java:62)
	at sun.reflect.DelegatingMethodAccessorImpl.invoke(DelegatingMethodAccessorImpl.java:43)
	at java.lang.reflect.Method.invoke(Method.java:498)
	at org.testng.internal.MethodInvocationHelper.invokeMethod(MethodInvocationHelper.java:133)
	at org.testng.internal.TestInvoker.invokeMethod(TestInvoker.java:598)
	at org.testng.internal.TestInvoker.invokeTestMethod(TestInvoker.java:173)
	at org.testng.internal.MethodRunner.runInSequence(MethodRunner.java:46)
	at org.testng.internal.TestInvoker$MethodInvocationAgent.invoke(TestInvoker.java:824)
	at org.testng.internal.TestInvoker.invokeTestMethods(TestInvoker.java:146)
	at org.testng.internal.TestMethodWorker.invokeTestMethods(TestMethodWorker.java:146)
	at org.testng.internal.TestMethodWorker.run(TestMethodWorker.java:128)
	at java.util.concurrent.ThreadPoolExecutor.runWorker(ThreadPoolExecutor.java:1149)
	at java.util.concurrent.ThreadPoolExecutor$Worker.run(ThreadPoolExecutor.java:624)
	at java.lang.Thread.run(Thread.java:748)
</pre></div></td>
<td>0</td>
<td>com.employee.testCases.TC005_Delete_Employee_Record@7113b13f</td></tr>
<tr>
<td title='com.employee.testCases.TC005_Delete_Employee_Record.checkContentType()'><b>checkContentType</b><br>Test class: com.employee.testCases.TC005_Delete_Employee_Record</td>
<td><div><pre>java.lang.NullPointerException: Cannot invoke method getValue() on null object
	at org.codehaus.groovy.runtime.NullObject.invokeMethod(NullObject.java:91)
	at org.codehaus.groovy.runtime.callsite.PogoMetaClassSite.call(PogoMetaClassSite.java:44)
	at org.codehaus.groovy.runtime.callsite.CallSiteArray.defaultCall(CallSiteArray.java:47)
	at org.codehaus.groovy.runtime.callsite.NullCallSite.call(NullCallSite.java:34)
	at org.codehaus.groovy.runtime.callsite.CallSiteArray.defaultCall(CallSiteArray.java:47)
	at org.codehaus.groovy.runtime.callsite.PogoMetaClassSite.call(PogoMetaClassSite.java:53)
	at org.codehaus.groovy.runtime.callsite.AbstractCallSite.call(AbstractCallSite.java:139)
	at io.restassured.internal.RestAssuredResponseOptionsGroovyImpl.header(RestAssuredResponseOptionsGroovyImpl.groovy:302)
	at io.restassured.internal.RestAssuredResponseOptionsImpl.header(RestAssuredResponseOptionsImpl.java:126)
	at com.employee.testCases.TC005_Delete_Employee_Record.checkContentType(TC005_Delete_Employee_Record.java:71)
	at java.util.concurrent.ThreadPoolExecutor.runWorker(ThreadPoolExecutor.java:1149)
	at java.util.concurrent.ThreadPoolExecutor$Worker.run(ThreadPoolExecutor.java:624)
	at java.lang.Thread.run(Thread.java:748)
... Removed 12 stack frames</pre></div><a href='#' onClick='toggleBox("stack-trace1090595088", this, "Click to show all stack frames", "Click to hide stack frames")'>Click to show all stack frames</a>
<div class='stack-trace' id='stack-trace1090595088'><pre>java.lang.NullPointerException: Cannot invoke method getValue() on null object
	at org.codehaus.groovy.runtime.NullObject.invokeMethod(NullObject.java:91)
	at org.codehaus.groovy.runtime.callsite.PogoMetaClassSite.call(PogoMetaClassSite.java:44)
	at org.codehaus.groovy.runtime.callsite.CallSiteArray.defaultCall(CallSiteArray.java:47)
	at org.codehaus.groovy.runtime.callsite.NullCallSite.call(NullCallSite.java:34)
	at org.codehaus.groovy.runtime.callsite.CallSiteArray.defaultCall(CallSiteArray.java:47)
	at org.codehaus.groovy.runtime.callsite.PogoMetaClassSite.call(PogoMetaClassSite.java:53)
	at org.codehaus.groovy.runtime.callsite.AbstractCallSite.call(AbstractCallSite.java:139)
	at io.restassured.internal.RestAssuredResponseOptionsGroovyImpl.header(RestAssuredResponseOptionsGroovyImpl.groovy:302)
	at io.restassured.internal.RestAssuredResponseOptionsImpl.header(RestAssuredResponseOptionsImpl.java:126)
	at com.employee.testCases.TC005_Delete_Employee_Record.checkContentType(TC005_Delete_Employee_Record.java:71)
	at sun.reflect.NativeMethodAccessorImpl.invoke0(Native Method)
	at sun.reflect.NativeMethodAccessorImpl.invoke(NativeMethodAccessorImpl.java:62)
	at sun.reflect.DelegatingMethodAccessorImpl.invoke(DelegatingMethodAccessorImpl.java:43)
	at java.lang.reflect.Method.invoke(Method.java:498)
	at org.testng.internal.MethodInvocationHelper.invokeMethod(MethodInvocationHelper.java:133)
	at org.testng.internal.TestInvoker.invokeMethod(TestInvoker.java:598)
	at org.testng.internal.TestInvoker.invokeTestMethod(TestInvoker.java:173)
	at org.testng.internal.MethodRunner.runInSequence(MethodRunner.java:46)
	at org.testng.internal.TestInvoker$MethodInvocationAgent.invoke(TestInvoker.java:824)
	at org.testng.internal.TestInvoker.invokeTestMethods(TestInvoker.java:146)
	at org.testng.internal.TestMethodWorker.invokeTestMethods(TestMethodWorker.java:146)
	at org.testng.internal.TestMethodWorker.run(TestMethodWorker.java:128)
	at java.util.concurrent.ThreadPoolExecutor.runWorker(ThreadPoolExecutor.java:1149)
	at java.util.concurrent.ThreadPoolExecutor$Worker.run(ThreadPoolExecutor.java:624)
	at java.lang.Thread.run(Thread.java:748)
</pre></div></td>
<td>0</td>
<td>com.employee.testCases.TC005_Delete_Employee_Record@7113b13f</td></tr>
<tr>
<td title='com.employee.testCases.TC003_Post_Employee_Record.checkStatusCode()'><b>checkStatusCode</b><br>Test class: com.employee.testCases.TC003_Post_Employee_Record</td>
<td><div><pre>java.lang.AssertionError: expected [200] but found [-1]
	at com.employee.testCases.TC003_Post_Employee_Record.checkStatusCode(TC003_Post_Employee_Record.java:64)
	at java.util.concurrent.ThreadPoolExecutor.runWorker(ThreadPoolExecutor.java:1149)
	at java.util.concurrent.ThreadPoolExecutor$Worker.run(ThreadPoolExecutor.java:624)
	at java.lang.Thread.run(Thread.java:748)
... Removed 18 stack frames</pre></div><a href='#' onClick='toggleBox("stack-trace1178831830", this, "Click to show all stack frames", "Click to hide stack frames")'>Click to show all stack frames</a>
<div class='stack-trace' id='stack-trace1178831830'><pre>java.lang.AssertionError: expected [200] but found [-1]
	at org.testng.Assert.fail(Assert.java:99)
	at org.testng.Assert.failNotEquals(Assert.java:1037)
	at org.testng.Assert.assertEqualsImpl(Assert.java:140)
	at org.testng.Assert.assertEquals(Assert.java:122)
	at org.testng.Assert.assertEquals(Assert.java:907)
	at org.testng.Assert.assertEquals(Assert.java:917)
	at com.employee.testCases.TC003_Post_Employee_Record.checkStatusCode(TC003_Post_Employee_Record.java:64)
	at sun.reflect.NativeMethodAccessorImpl.invoke0(Native Method)
	at sun.reflect.NativeMethodAccessorImpl.invoke(NativeMethodAccessorImpl.java:62)
	at sun.reflect.DelegatingMethodAccessorImpl.invoke(DelegatingMethodAccessorImpl.java:43)
	at java.lang.reflect.Method.invoke(Method.java:498)
	at org.testng.internal.MethodInvocationHelper.invokeMethod(MethodInvocationHelper.java:133)
	at org.testng.internal.TestInvoker.invokeMethod(TestInvoker.java:598)
	at org.testng.internal.TestInvoker.invokeTestMethod(TestInvoker.java:173)
	at org.testng.internal.MethodRunner.runInSequence(MethodRunner.java:46)
	at org.testng.internal.TestInvoker$MethodInvocationAgent.invoke(TestInvoker.java:824)
	at org.testng.internal.TestInvoker.invokeTestMethods(TestInvoker.java:146)
	at org.testng.internal.TestMethodWorker.invokeTestMethods(TestMethodWorker.java:146)
	at org.testng.internal.TestMethodWorker.run(TestMethodWorker.java:128)
	at java.util.concurrent.ThreadPoolExecutor.runWorker(ThreadPoolExecutor.java:1149)
	at java.util.concurrent.ThreadPoolExecutor$Worker.run(ThreadPoolExecutor.java:624)
	at java.lang.Thread.run(Thread.java:748)
</pre></div></td>
<td>0</td>
<td>com.employee.testCases.TC003_Post_Employee_Record@1500955a</td></tr>
<tr>
<td title='com.employee.testCases.TC004_Put_Employee_Record.checkResponseBody()'><b>checkResponseBody</b><br>Test class: com.employee.testCases.TC004_Put_Employee_Record</td>
<td><div><pre>java.lang.AssertionError: expected [true] but found [false]
	at com.employee.testCases.TC004_Put_Employee_Record.checkResponseBody(TC004_Put_Employee_Record.java:51)
	at java.util.concurrent.ThreadPoolExecutor.runWorker(ThreadPoolExecutor.java:1149)
	at java.util.concurrent.ThreadPoolExecutor$Worker.run(ThreadPoolExecutor.java:624)
	at java.lang.Thread.run(Thread.java:748)
... Removed 16 stack frames</pre></div><a href='#' onClick='toggleBox("stack-trace493922871", this, "Click to show all stack frames", "Click to hide stack frames")'>Click to show all stack frames</a>
<div class='stack-trace' id='stack-trace493922871'><pre>java.lang.AssertionError: expected [true] but found [false]
	at org.testng.Assert.fail(Assert.java:99)
	at org.testng.Assert.failNotEquals(Assert.java:1037)
	at org.testng.Assert.assertTrue(Assert.java:45)
	at org.testng.Assert.assertTrue(Assert.java:55)
	at com.employee.testCases.TC004_Put_Employee_Record.checkResponseBody(TC004_Put_Employee_Record.java:51)
	at sun.reflect.NativeMethodAccessorImpl.invoke0(Native Method)
	at sun.reflect.NativeMethodAccessorImpl.invoke(NativeMethodAccessorImpl.java:62)
	at sun.reflect.DelegatingMethodAccessorImpl.invoke(DelegatingMethodAccessorImpl.java:43)
	at java.lang.reflect.Method.invoke(Method.java:498)
	at org.testng.internal.MethodInvocationHelper.invokeMethod(MethodInvocationHelper.java:133)
	at org.testng.internal.TestInvoker.invokeMethod(TestInvoker.java:598)
	at org.testng.internal.TestInvoker.invokeTestMethod(TestInvoker.java:173)
	at org.testng.internal.MethodRunner.runInSequence(MethodRunner.java:46)
	at org.testng.internal.TestInvoker$MethodInvocationAgent.invoke(TestInvoker.java:824)
	at org.testng.internal.TestInvoker.invokeTestMethods(TestInvoker.java:146)
	at org.testng.internal.TestMethodWorker.invokeTestMethods(TestMethodWorker.java:146)
	at org.testng.internal.TestMethodWorker.run(TestMethodWorker.java:128)
	at java.util.concurrent.ThreadPoolExecutor.runWorker(ThreadPoolExecutor.java:1149)
	at java.util.concurrent.ThreadPoolExecutor$Worker.run(ThreadPoolExecutor.java:624)
	at java.lang.Thread.run(Thread.java:748)
</pre></div></td>
<td>0</td>
<td>com.employee.testCases.TC004_Put_Employee_Record@29b5cd00</td></tr>
<tr>
<td title='com.employee.testCases.TC004_Put_Employee_Record.checkContentType()'><b>checkContentType</b><br>Test class: com.employee.testCases.TC004_Put_Employee_Record</td>
<td><div><pre>java.lang.NullPointerException: Cannot invoke method getValue() on null object
	at org.codehaus.groovy.runtime.NullObject.invokeMethod(NullObject.java:91)
	at org.codehaus.groovy.runtime.callsite.PogoMetaClassSite.call(PogoMetaClassSite.java:44)
	at org.codehaus.groovy.runtime.callsite.CallSiteArray.defaultCall(CallSiteArray.java:47)
	at org.codehaus.groovy.runtime.callsite.NullCallSite.call(NullCallSite.java:34)
	at org.codehaus.groovy.runtime.callsite.CallSiteArray.defaultCall(CallSiteArray.java:47)
	at io.restassured.http.Headers$getValue$4.call(Unknown Source)
	at io.restassured.internal.RestAssuredResponseOptionsGroovyImpl.header(RestAssuredResponseOptionsGroovyImpl.groovy:302)
	at io.restassured.internal.RestAssuredResponseOptionsImpl.header(RestAssuredResponseOptionsImpl.java:126)
	at com.employee.testCases.TC004_Put_Employee_Record.checkContentType(TC004_Put_Employee_Record.java:93)
	at java.util.concurrent.ThreadPoolExecutor.runWorker(ThreadPoolExecutor.java:1149)
	at java.util.concurrent.ThreadPoolExecutor$Worker.run(ThreadPoolExecutor.java:624)
	at java.lang.Thread.run(Thread.java:748)
... Removed 12 stack frames</pre></div><a href='#' onClick='toggleBox("stack-trace1503318930", this, "Click to show all stack frames", "Click to hide stack frames")'>Click to show all stack frames</a>
<div class='stack-trace' id='stack-trace1503318930'><pre>java.lang.NullPointerException: Cannot invoke method getValue() on null object
	at org.codehaus.groovy.runtime.NullObject.invokeMethod(NullObject.java:91)
	at org.codehaus.groovy.runtime.callsite.PogoMetaClassSite.call(PogoMetaClassSite.java:44)
	at org.codehaus.groovy.runtime.callsite.CallSiteArray.defaultCall(CallSiteArray.java:47)
	at org.codehaus.groovy.runtime.callsite.NullCallSite.call(NullCallSite.java:34)
	at org.codehaus.groovy.runtime.callsite.CallSiteArray.defaultCall(CallSiteArray.java:47)
	at io.restassured.http.Headers$getValue$4.call(Unknown Source)
	at io.restassured.internal.RestAssuredResponseOptionsGroovyImpl.header(RestAssuredResponseOptionsGroovyImpl.groovy:302)
	at io.restassured.internal.RestAssuredResponseOptionsImpl.header(RestAssuredResponseOptionsImpl.java:126)
	at com.employee.testCases.TC004_Put_Employee_Record.checkContentType(TC004_Put_Employee_Record.java:93)
	at sun.reflect.NativeMethodAccessorImpl.invoke0(Native Method)
	at sun.reflect.NativeMethodAccessorImpl.invoke(NativeMethodAccessorImpl.java:62)
	at sun.reflect.DelegatingMethodAccessorImpl.invoke(DelegatingMethodAccessorImpl.java:43)
	at java.lang.reflect.Method.invoke(Method.java:498)
	at org.testng.internal.MethodInvocationHelper.invokeMethod(MethodInvocationHelper.java:133)
	at org.testng.internal.TestInvoker.invokeMethod(TestInvoker.java:598)
	at org.testng.internal.TestInvoker.invokeTestMethod(TestInvoker.java:173)
	at org.testng.internal.MethodRunner.runInSequence(MethodRunner.java:46)
	at org.testng.internal.TestInvoker$MethodInvocationAgent.invoke(TestInvoker.java:824)
	at org.testng.internal.TestInvoker.invokeTestMethods(TestInvoker.java:146)
	at org.testng.internal.TestMethodWorker.invokeTestMethods(TestMethodWorker.java:146)
	at org.testng.internal.TestMethodWorker.run(TestMethodWorker.java:128)
	at java.util.concurrent.ThreadPoolExecutor.runWorker(ThreadPoolExecutor.java:1149)
	at java.util.concurrent.ThreadPoolExecutor$Worker.run(ThreadPoolExecutor.java:624)
	at java.lang.Thread.run(Thread.java:748)
</pre></div></td>
<td>0</td>
<td>com.employee.testCases.TC004_Put_Employee_Record@29b5cd00</td></tr>
<tr>
<td title='com.employee.testCases.TC005_Delete_Employee_Record.checkstatusLine()'><b>checkstatusLine</b><br>Test class: com.employee.testCases.TC005_Delete_Employee_Record</td>
<td><div><pre>java.lang.AssertionError: expected [HTTP/1.1 200 OK] but found [null]
	at com.employee.testCases.TC005_Delete_Employee_Record.checkstatusLine(TC005_Delete_Employee_Record.java:64)
	at java.util.concurrent.ThreadPoolExecutor.runWorker(ThreadPoolExecutor.java:1149)
	at java.util.concurrent.ThreadPoolExecutor$Worker.run(ThreadPoolExecutor.java:624)
	at java.lang.Thread.run(Thread.java:748)
... Removed 18 stack frames</pre></div><a href='#' onClick='toggleBox("stack-trace1250255245", this, "Click to show all stack frames", "Click to hide stack frames")'>Click to show all stack frames</a>
<div class='stack-trace' id='stack-trace1250255245'><pre>java.lang.AssertionError: expected [HTTP/1.1 200 OK] but found [null]
	at org.testng.Assert.fail(Assert.java:99)
	at org.testng.Assert.failNotEquals(Assert.java:1037)
	at org.testng.Assert.assertEqualsImpl(Assert.java:140)
	at org.testng.Assert.assertEquals(Assert.java:122)
	at org.testng.Assert.assertEquals(Assert.java:629)
	at org.testng.Assert.assertEquals(Assert.java:639)
	at com.employee.testCases.TC005_Delete_Employee_Record.checkstatusLine(TC005_Delete_Employee_Record.java:64)
	at sun.reflect.NativeMethodAccessorImpl.invoke0(Native Method)
	at sun.reflect.NativeMethodAccessorImpl.invoke(NativeMethodAccessorImpl.java:62)
	at sun.reflect.DelegatingMethodAccessorImpl.invoke(DelegatingMethodAccessorImpl.java:43)
	at java.lang.reflect.Method.invoke(Method.java:498)
	at org.testng.internal.MethodInvocationHelper.invokeMethod(MethodInvocationHelper.java:133)
	at org.testng.internal.TestInvoker.invokeMethod(TestInvoker.java:598)
	at org.testng.internal.TestInvoker.invokeTestMethod(TestInvoker.java:173)
	at org.testng.internal.MethodRunner.runInSequence(MethodRunner.java:46)
	at org.testng.internal.TestInvoker$MethodInvocationAgent.invoke(TestInvoker.java:824)
	at org.testng.internal.TestInvoker.invokeTestMethods(TestInvoker.java:146)
	at org.testng.internal.TestMethodWorker.invokeTestMethods(TestMethodWorker.java:146)
	at org.testng.internal.TestMethodWorker.run(TestMethodWorker.java:128)
	at java.util.concurrent.ThreadPoolExecutor.runWorker(ThreadPoolExecutor.java:1149)
	at java.util.concurrent.ThreadPoolExecutor$Worker.run(ThreadPoolExecutor.java:624)
	at java.lang.Thread.run(Thread.java:748)
</pre></div></td>
<td>0</td>
<td>com.employee.testCases.TC005_Delete_Employee_Record@7113b13f</td></tr>
<tr>
<td title='com.employee.testCases.TC003_Post_Employee_Record.checkstatusLine()'><b>checkstatusLine</b><br>Test class: com.employee.testCases.TC003_Post_Employee_Record</td>
<td><div><pre>java.lang.AssertionError: expected [HTTP/1.1 200 OK] but found [null]
	at com.employee.testCases.TC003_Post_Employee_Record.checkstatusLine(TC003_Post_Employee_Record.java:86)
	at java.util.concurrent.ThreadPoolExecutor.runWorker(ThreadPoolExecutor.java:1149)
	at java.util.concurrent.ThreadPoolExecutor$Worker.run(ThreadPoolExecutor.java:624)
	at java.lang.Thread.run(Thread.java:748)
... Removed 18 stack frames</pre></div><a href='#' onClick='toggleBox("stack-trace10025969", this, "Click to show all stack frames", "Click to hide stack frames")'>Click to show all stack frames</a>
<div class='stack-trace' id='stack-trace10025969'><pre>java.lang.AssertionError: expected [HTTP/1.1 200 OK] but found [null]
	at org.testng.Assert.fail(Assert.java:99)
	at org.testng.Assert.failNotEquals(Assert.java:1037)
	at org.testng.Assert.assertEqualsImpl(Assert.java:140)
	at org.testng.Assert.assertEquals(Assert.java:122)
	at org.testng.Assert.assertEquals(Assert.java:629)
	at org.testng.Assert.assertEquals(Assert.java:639)
	at com.employee.testCases.TC003_Post_Employee_Record.checkstatusLine(TC003_Post_Employee_Record.java:86)
	at sun.reflect.NativeMethodAccessorImpl.invoke0(Native Method)
	at sun.reflect.NativeMethodAccessorImpl.invoke(NativeMethodAccessorImpl.java:62)
	at sun.reflect.DelegatingMethodAccessorImpl.invoke(DelegatingMethodAccessorImpl.java:43)
	at java.lang.reflect.Method.invoke(Method.java:498)
	at org.testng.internal.MethodInvocationHelper.invokeMethod(MethodInvocationHelper.java:133)
	at org.testng.internal.TestInvoker.invokeMethod(TestInvoker.java:598)
	at org.testng.internal.TestInvoker.invokeTestMethod(TestInvoker.java:173)
	at org.testng.internal.MethodRunner.runInSequence(MethodRunner.java:46)
	at org.testng.internal.TestInvoker$MethodInvocationAgent.invoke(TestInvoker.java:824)
	at org.testng.internal.TestInvoker.invokeTestMethods(TestInvoker.java:146)
	at org.testng.internal.TestMethodWorker.invokeTestMethods(TestMethodWorker.java:146)
	at org.testng.internal.TestMethodWorker.run(TestMethodWorker.java:128)
	at java.util.concurrent.ThreadPoolExecutor.runWorker(ThreadPoolExecutor.java:1149)
	at java.util.concurrent.ThreadPoolExecutor$Worker.run(ThreadPoolExecutor.java:624)
	at java.lang.Thread.run(Thread.java:748)
</pre></div></td>
<td>0</td>
<td>com.employee.testCases.TC003_Post_Employee_Record@1500955a</td></tr>
<tr>
<td title='com.employee.testCases.TC004_Put_Employee_Record.checkStatusCode()'><b>checkStatusCode</b><br>Test class: com.employee.testCases.TC004_Put_Employee_Record</td>
<td><div><pre>java.lang.AssertionError: expected [200] but found [-1]
	at com.employee.testCases.TC004_Put_Employee_Record.checkStatusCode(TC004_Put_Employee_Record.java:64)
	at java.util.concurrent.ThreadPoolExecutor.runWorker(ThreadPoolExecutor.java:1149)
	at java.util.concurrent.ThreadPoolExecutor$Worker.run(ThreadPoolExecutor.java:624)
	at java.lang.Thread.run(Thread.java:748)
... Removed 18 stack frames</pre></div><a href='#' onClick='toggleBox("stack-trace442539563", this, "Click to show all stack frames", "Click to hide stack frames")'>Click to show all stack frames</a>
<div class='stack-trace' id='stack-trace442539563'><pre>java.lang.AssertionError: expected [200] but found [-1]
	at org.testng.Assert.fail(Assert.java:99)
	at org.testng.Assert.failNotEquals(Assert.java:1037)
	at org.testng.Assert.assertEqualsImpl(Assert.java:140)
	at org.testng.Assert.assertEquals(Assert.java:122)
	at org.testng.Assert.assertEquals(Assert.java:907)
	at org.testng.Assert.assertEquals(Assert.java:917)
	at com.employee.testCases.TC004_Put_Employee_Record.checkStatusCode(TC004_Put_Employee_Record.java:64)
	at sun.reflect.NativeMethodAccessorImpl.invoke0(Native Method)
	at sun.reflect.NativeMethodAccessorImpl.invoke(NativeMethodAccessorImpl.java:62)
	at sun.reflect.DelegatingMethodAccessorImpl.invoke(DelegatingMethodAccessorImpl.java:43)
	at java.lang.reflect.Method.invoke(Method.java:498)
	at org.testng.internal.MethodInvocationHelper.invokeMethod(MethodInvocationHelper.java:133)
	at org.testng.internal.TestInvoker.invokeMethod(TestInvoker.java:598)
	at org.testng.internal.TestInvoker.invokeTestMethod(TestInvoker.java:173)
	at org.testng.internal.MethodRunner.runInSequence(MethodRunner.java:46)
	at org.testng.internal.TestInvoker$MethodInvocationAgent.invoke(TestInvoker.java:824)
	at org.testng.internal.TestInvoker.invokeTestMethods(TestInvoker.java:146)
	at org.testng.internal.TestMethodWorker.invokeTestMethods(TestMethodWorker.java:146)
	at org.testng.internal.TestMethodWorker.run(TestMethodWorker.java:128)
	at java.util.concurrent.ThreadPoolExecutor.runWorker(ThreadPoolExecutor.java:1149)
	at java.util.concurrent.ThreadPoolExecutor$Worker.run(ThreadPoolExecutor.java:624)
	at java.lang.Thread.run(Thread.java:748)
</pre></div></td>
<td>0</td>
<td>com.employee.testCases.TC004_Put_Employee_Record@29b5cd00</td></tr>
<tr>
<td title='com.employee.testCases.TC003_Post_Employee_Record.checkContentType()'><b>checkContentType</b><br>Test class: com.employee.testCases.TC003_Post_Employee_Record</td>
<td><div><pre>java.lang.NullPointerException: Cannot invoke method getValue() on null object
	at org.codehaus.groovy.runtime.NullObject.invokeMethod(NullObject.java:91)
	at org.codehaus.groovy.runtime.callsite.PogoMetaClassSite.call(PogoMetaClassSite.java:44)
	at org.codehaus.groovy.runtime.callsite.CallSiteArray.defaultCall(CallSiteArray.java:47)
	at org.codehaus.groovy.runtime.callsite.NullCallSite.call(NullCallSite.java:34)
	at org.codehaus.groovy.runtime.callsite.CallSiteArray.defaultCall(CallSiteArray.java:47)
	at org.codehaus.groovy.runtime.callsite.PogoMetaClassSite.call(PogoMetaClassSite.java:53)
	at org.codehaus.groovy.runtime.callsite.AbstractCallSite.call(AbstractCallSite.java:139)
	at io.restassured.internal.RestAssuredResponseOptionsGroovyImpl.header(RestAssuredResponseOptionsGroovyImpl.groovy:302)
	at io.restassured.internal.RestAssuredResponseOptionsImpl.header(RestAssuredResponseOptionsImpl.java:126)
	at com.employee.testCases.TC003_Post_Employee_Record.checkContentType(TC003_Post_Employee_Record.java:93)
	at java.util.concurrent.ThreadPoolExecutor.runWorker(ThreadPoolExecutor.java:1149)
	at java.util.concurrent.ThreadPoolExecutor$Worker.run(ThreadPoolExecutor.java:624)
	at java.lang.Thread.run(Thread.java:748)
... Removed 12 stack frames</pre></div><a href='#' onClick='toggleBox("stack-trace1261544858", this, "Click to show all stack frames", "Click to hide stack frames")'>Click to show all stack frames</a>
<div class='stack-trace' id='stack-trace1261544858'><pre>java.lang.NullPointerException: Cannot invoke method getValue() on null object
	at org.codehaus.groovy.runtime.NullObject.invokeMethod(NullObject.java:91)
	at org.codehaus.groovy.runtime.callsite.PogoMetaClassSite.call(PogoMetaClassSite.java:44)
	at org.codehaus.groovy.runtime.callsite.CallSiteArray.defaultCall(CallSiteArray.java:47)
	at org.codehaus.groovy.runtime.callsite.NullCallSite.call(NullCallSite.java:34)
	at org.codehaus.groovy.runtime.callsite.CallSiteArray.defaultCall(CallSiteArray.java:47)
	at org.codehaus.groovy.runtime.callsite.PogoMetaClassSite.call(PogoMetaClassSite.java:53)
	at org.codehaus.groovy.runtime.callsite.AbstractCallSite.call(AbstractCallSite.java:139)
	at io.restassured.internal.RestAssuredResponseOptionsGroovyImpl.header(RestAssuredResponseOptionsGroovyImpl.groovy:302)
	at io.restassured.internal.RestAssuredResponseOptionsImpl.header(RestAssuredResponseOptionsImpl.java:126)
	at com.employee.testCases.TC003_Post_Employee_Record.checkContentType(TC003_Post_Employee_Record.java:93)
	at sun.reflect.NativeMethodAccessorImpl.invoke0(Native Method)
	at sun.reflect.NativeMethodAccessorImpl.invoke(NativeMethodAccessorImpl.java:62)
	at sun.reflect.DelegatingMethodAccessorImpl.invoke(DelegatingMethodAccessorImpl.java:43)
	at java.lang.reflect.Method.invoke(Method.java:498)
	at org.testng.internal.MethodInvocationHelper.invokeMethod(MethodInvocationHelper.java:133)
	at org.testng.internal.TestInvoker.invokeMethod(TestInvoker.java:598)
	at org.testng.internal.TestInvoker.invokeTestMethod(TestInvoker.java:173)
	at org.testng.internal.MethodRunner.runInSequence(MethodRunner.java:46)
	at org.testng.internal.TestInvoker$MethodInvocationAgent.invoke(TestInvoker.java:824)
	at org.testng.internal.TestInvoker.invokeTestMethods(TestInvoker.java:146)
	at org.testng.internal.TestMethodWorker.invokeTestMethods(TestMethodWorker.java:146)
	at org.testng.internal.TestMethodWorker.run(TestMethodWorker.java:128)
	at java.util.concurrent.ThreadPoolExecutor.runWorker(ThreadPoolExecutor.java:1149)
	at java.util.concurrent.ThreadPoolExecutor$Worker.run(ThreadPoolExecutor.java:624)
	at java.lang.Thread.run(Thread.java:748)
</pre></div></td>
<td>0</td>
<td>com.employee.testCases.TC003_Post_Employee_Record@1500955a</td></tr>
<tr>
<td title='com.employee.testCases.TC004_Put_Employee_Record.checkstatusLine()'><b>checkstatusLine</b><br>Test class: com.employee.testCases.TC004_Put_Employee_Record</td>
<td><div><pre>java.lang.AssertionError: expected [HTTP/1.1 200 OK] but found [null]
	at com.employee.testCases.TC004_Put_Employee_Record.checkstatusLine(TC004_Put_Employee_Record.java:86)
	at java.util.concurrent.ThreadPoolExecutor.runWorker(ThreadPoolExecutor.java:1149)
	at java.util.concurrent.ThreadPoolExecutor$Worker.run(ThreadPoolExecutor.java:624)
	at java.lang.Thread.run(Thread.java:748)
... Removed 18 stack frames</pre></div><a href='#' onClick='toggleBox("stack-trace705433315", this, "Click to show all stack frames", "Click to hide stack frames")'>Click to show all stack frames</a>
<div class='stack-trace' id='stack-trace705433315'><pre>java.lang.AssertionError: expected [HTTP/1.1 200 OK] but found [null]
	at org.testng.Assert.fail(Assert.java:99)
	at org.testng.Assert.failNotEquals(Assert.java:1037)
	at org.testng.Assert.assertEqualsImpl(Assert.java:140)
	at org.testng.Assert.assertEquals(Assert.java:122)
	at org.testng.Assert.assertEquals(Assert.java:629)
	at org.testng.Assert.assertEquals(Assert.java:639)
	at com.employee.testCases.TC004_Put_Employee_Record.checkstatusLine(TC004_Put_Employee_Record.java:86)
	at sun.reflect.NativeMethodAccessorImpl.invoke0(Native Method)
	at sun.reflect.NativeMethodAccessorImpl.invoke(NativeMethodAccessorImpl.java:62)
	at sun.reflect.DelegatingMethodAccessorImpl.invoke(DelegatingMethodAccessorImpl.java:43)
	at java.lang.reflect.Method.invoke(Method.java:498)
	at org.testng.internal.MethodInvocationHelper.invokeMethod(MethodInvocationHelper.java:133)
	at org.testng.internal.TestInvoker.invokeMethod(TestInvoker.java:598)
	at org.testng.internal.TestInvoker.invokeTestMethod(TestInvoker.java:173)
	at org.testng.internal.MethodRunner.runInSequence(MethodRunner.java:46)
	at org.testng.internal.TestInvoker$MethodInvocationAgent.invoke(TestInvoker.java:824)
	at org.testng.internal.TestInvoker.invokeTestMethods(TestInvoker.java:146)
	at org.testng.internal.TestMethodWorker.invokeTestMethods(TestMethodWorker.java:146)
	at org.testng.internal.TestMethodWorker.run(TestMethodWorker.java:128)
	at java.util.concurrent.ThreadPoolExecutor.runWorker(ThreadPoolExecutor.java:1149)
	at java.util.concurrent.ThreadPoolExecutor$Worker.run(ThreadPoolExecutor.java:624)
	at java.lang.Thread.run(Thread.java:748)
</pre></div></td>
<td>0</td>
<td>com.employee.testCases.TC004_Put_Employee_Record@29b5cd00</td></tr>
<tr>
<td title='com.employee.testCases.TC003_Post_Employee_Record.checkResponseBody()'><b>checkResponseBody</b><br>Test class: com.employee.testCases.TC003_Post_Employee_Record</td>
<td><div><pre>java.lang.AssertionError: expected [true] but found [false]
	at com.employee.testCases.TC003_Post_Employee_Record.checkResponseBody(TC003_Post_Employee_Record.java:51)
	at java.util.concurrent.ThreadPoolExecutor.runWorker(ThreadPoolExecutor.java:1149)
	at java.util.concurrent.ThreadPoolExecutor$Worker.run(ThreadPoolExecutor.java:624)
	at java.lang.Thread.run(Thread.java:748)
... Removed 16 stack frames</pre></div><a href='#' onClick='toggleBox("stack-trace353377503", this, "Click to show all stack frames", "Click to hide stack frames")'>Click to show all stack frames</a>
<div class='stack-trace' id='stack-trace353377503'><pre>java.lang.AssertionError: expected [true] but found [false]
	at org.testng.Assert.fail(Assert.java:99)
	at org.testng.Assert.failNotEquals(Assert.java:1037)
	at org.testng.Assert.assertTrue(Assert.java:45)
	at org.testng.Assert.assertTrue(Assert.java:55)
	at com.employee.testCases.TC003_Post_Employee_Record.checkResponseBody(TC003_Post_Employee_Record.java:51)
	at sun.reflect.NativeMethodAccessorImpl.invoke0(Native Method)
	at sun.reflect.NativeMethodAccessorImpl.invoke(NativeMethodAccessorImpl.java:62)
	at sun.reflect.DelegatingMethodAccessorImpl.invoke(DelegatingMethodAccessorImpl.java:43)
	at java.lang.reflect.Method.invoke(Method.java:498)
	at org.testng.internal.MethodInvocationHelper.invokeMethod(MethodInvocationHelper.java:133)
	at org.testng.internal.TestInvoker.invokeMethod(TestInvoker.java:598)
	at org.testng.internal.TestInvoker.invokeTestMethod(TestInvoker.java:173)
	at org.testng.internal.MethodRunner.runInSequence(MethodRunner.java:46)
	at org.testng.internal.TestInvoker$MethodInvocationAgent.invoke(TestInvoker.java:824)
	at org.testng.internal.TestInvoker.invokeTestMethods(TestInvoker.java:146)
	at org.testng.internal.TestMethodWorker.invokeTestMethods(TestMethodWorker.java:146)
	at org.testng.internal.TestMethodWorker.run(TestMethodWorker.java:128)
	at java.util.concurrent.ThreadPoolExecutor.runWorker(ThreadPoolExecutor.java:1149)
	at java.util.concurrent.ThreadPoolExecutor$Worker.run(ThreadPoolExecutor.java:624)
	at java.lang.Thread.run(Thread.java:748)
</pre></div></td>
<td>0</td>
<td>com.employee.testCases.TC003_Post_Employee_Record@1500955a</td></tr>
</table><p>
<table width='100%' border='1' class='invocation-passed'>
<tr><td colspan='4' align='center'><b>PASSED TESTS</b></td></tr>
<tr><td><b>Test method</b></td>
<td width="30%"><b>Exception</b></td>
<td width="10%"><b>Time (seconds)</b></td>
<td><b>Instance</b></td>
</tr>
<tr>
<td title='com.employee.testCases.TC002_Get_Single_Employee_Data.checkResponseTime()'><b>checkResponseTime</b><br>Test class: com.employee.testCases.TC002_Get_Single_Employee_Data</td>
<td></td>
<td>0</td>
<td>com.employee.testCases.TC002_Get_Single_Employee_Data@38bc8ab5</td></tr>
<tr>
<td title='com.employee.testCases.TC002_Get_Single_Employee_Data.checkResponseBody()'><b>checkResponseBody</b><br>Test class: com.employee.testCases.TC002_Get_Single_Employee_Data</td>
<td></td>
<td>0</td>
<td>com.employee.testCases.TC002_Get_Single_Employee_Data@38bc8ab5</td></tr>
<tr>
<td title='com.employee.testCases.TC002_Get_Single_Employee_Data.checkContentType()'><b>checkContentType</b><br>Test class: com.employee.testCases.TC002_Get_Single_Employee_Data</td>
<td></td>
<td>0</td>
<td>com.employee.testCases.TC002_Get_Single_Employee_Data@38bc8ab5</td></tr>
<tr>
<td title='com.employee.testCases.TC001_Get_All_Employees.checkStatusCode()'><b>checkStatusCode</b><br>Test class: com.employee.testCases.TC001_Get_All_Employees</td>
<td></td>
<td>0</td>
<td>com.employee.testCases.TC001_Get_All_Employees@3e57cd70</td></tr>
<tr>
<td title='com.employee.testCases.TC004_Put_Employee_Record.checkResponseTime()'><b>checkResponseTime</b><br>Test class: com.employee.testCases.TC004_Put_Employee_Record</td>
<td></td>
<td>0</td>
<td>com.employee.testCases.TC004_Put_Employee_Record@29b5cd00</td></tr>
<tr>
<td title='com.employee.testCases.TC005_Delete_Employee_Record.checkResponseTime()'><b>checkResponseTime</b><br>Test class: com.employee.testCases.TC005_Delete_Employee_Record</td>
<td></td>
<td>0</td>
<td>com.employee.testCases.TC005_Delete_Employee_Record@7113b13f</td></tr>
<tr>
<td title='com.employee.testCases.TC003_Post_Employee_Record.checkResponseTime()'><b>checkResponseTime</b><br>Test class: com.employee.testCases.TC003_Post_Employee_Record</td>
<td></td>
<td>0</td>
<td>com.employee.testCases.TC003_Post_Employee_Record@1500955a</td></tr>
<tr>
<td title='com.employee.testCases.TC001_Get_All_Employees.checkResponseBody()'><b>checkResponseBody</b><br>Test class: com.employee.testCases.TC001_Get_All_Employees</td>
<td></td>
<td>0</td>
<td>com.employee.testCases.TC001_Get_All_Employees@3e57cd70</td></tr>
<tr>
<td title='com.employee.testCases.TC002_Get_Single_Employee_Data.checkstatusLine()'><b>checkstatusLine</b><br>Test class: com.employee.testCases.TC002_Get_Single_Employee_Data</td>
<td></td>
<td>0</td>
<td>com.employee.testCases.TC002_Get_Single_Employee_Data@38bc8ab5</td></tr>
<tr>
<td title='com.employee.testCases.TC002_Get_Single_Employee_Data.checkStatusCode()'><b>checkStatusCode</b><br>Test class: com.employee.testCases.TC002_Get_Single_Employee_Data</td>
<td></td>
<td>0</td>
<td>com.employee.testCases.TC002_Get_Single_Employee_Data@38bc8ab5</td></tr>
<tr>
<td title='com.employee.testCases.TC001_Get_All_Employees.checkResponseTime()'><b>checkResponseTime</b><br>Test class: com.employee.testCases.TC001_Get_All_Employees</td>
<td></td>
<td>0</td>
<td>com.employee.testCases.TC001_Get_All_Employees@3e57cd70</td></tr>
<tr>
<td title='com.employee.testCases.TC001_Get_All_Employees.checkstatusLine()'><b>checkstatusLine</b><br>Test class: com.employee.testCases.TC001_Get_All_Employees</td>
<td></td>
<td>0</td>
<td>com.employee.testCases.TC001_Get_All_Employees@3e57cd70</td></tr>
</table><p>
</body>
</html>